{"level":"info","message":{"method":"GET","url":"/"},"service":"user-service"}
{"level":"info","message":{"method":"GET","url":"/contatos"},"service":"user-service"}
{"level":"info","message":{"method":"GET","url":"/contatos"},"service":"user-service"}
{"level":"info","message":{"method":"GET","url":"/contatos"},"service":"user-service"}
{"level":"info","message":{"method":"GET","url":"/contatos"},"service":"user-service"}
{"level":"info","message":{"method":"GET","url":"/contatos"},"service":"user-service"}
{"level":"info","message":{"method":"GET","url":"/contatos"},"service":"user-service"}
{"level":"info","message":{"method":"GET","url":"/contatos"},"service":"user-service"}
{"level":"info","message":{"method":"GET","url":"/contatos"},"service":"user-service"}
{"level":"info","message":{"method":"GET","url":"/contatos"},"service":"user-service"}
{"level":"info","message":{"method":"GET","url":"/contatos"},"service":"user-service"}
{"level":"info","message":{"method":"POST","url":"/contatos"},"service":"user-service"}
{"level":"info","message":{"method":"POST","url":"/contatos"},"service":"user-service"}
{"level":"info","message":{"method":"POST","url":"/contatos"},"service":"user-service"}
{"level":"info","message":{"method":"POST","url":"/contatos"},"service":"user-service"}
{"level":"info","message":{"method":"PUT","url":"/contatos/:1779321810803"},"service":"user-service"}
{"level":"info","message":{"method":"GET","url":"/contatos"},"service":"user-service"}
{"level":"info","message":{"method":"PUT","url":"/contatos/:1779321810803"},"service":"user-service"}
{"level":"info","message":{"method":"GET","url":"/contatos"},"service":"user-service"}
{"level":"info","message":{"method":"POST","url":"/contatos"},"service":"user-service"}
{"level":"info","message":{"method":"PUT","url":"/contatos/:1779321943834"},"service":"user-service"}
{"level":"info","message":{"method":"GET","url":"/contatos"},"service":"user-service"}
{"level":"info","message":{"method":"POST","url":"/contatos"},"service":"user-service"}
{"level":"info","message":{"method":"PUT","url":"/contatos/:1779322017118"},"service":"user-service"}
{"level":"info","message":{"method":"GET","url":"/contatos"},"service":"user-service"}
{"level":"info","message":{"method":"POST","url":"/contatos"},"service":"user-service"}
{"level":"info","message":{"method":"PUT","url":"/contatos/:1779322087145"},"service":"user-service"}
{"level":"info","message":{"method":"GET","url":"/contatos"},"service":"user-service"}
{"level":"info","message":{"method":"POST","url":"/contatos"},"service":"user-service"}
{"level":"info","message":{"method":"PUT","url":"/contatos/:1779322159264"},"service":"user-service"}
{"level":"info","message":{"method":"GET","url":"/contatos"},"service":"user-service"}
{"level":"info","message":{"method":"POST","url":"/contatos"},"service":"user-service"}
{"level":"info","message":{"method":"PUT","url":"/contatos/:1779322234553"},"service":"user-service"}
{"level":"info","message":{"method":"GET","url":"/contatos"},"service":"user-service"}
{"level":"info","message":{"method":"POST","url":"/contatos"},"service":"user-service"}
{"level":"info","message":{"method":"GET","url":"/contatos"},"service":"user-service"}
{"level":"info","message":{"method":"PUT","url":"/contatos/:1779322314674"},"service":"user-service"}
{"level":"info","message":{"method":"GET","url":"/contatos"},"service":"user-service"}
{"level":"info","message":{"method":"POST","url":"/contatos"},"service":"user-service"}
{"level":"info","message":{"method":"GET","url":"/contatos"},"service":"user-service"}
{"level":"info","message":{"method":"PUT","url":"/contatos/:1779322365105"},"service":"user-service"}
{"level":"info","message":{"method":"GET","url":"/contatos"},"service":"user-service"}
{"level":"info","message":{"method":"POST","url":"/contatos"},"service":"user-service"}
{"level":"info","message":{"method":"GET","url":"/contatos"},"service":"user-service"}
{"level":"info","message":{"method":"PUT","url":"/contatos/:1779322451981"},"service":"user-service"}
{"level":"info","message":{"method":"GET","url":"/contatos"},"service":"user-service"}
{"level":"info","message":{"method":"POST","url":"/contatos"},"service":"user-service"}
{"level":"info","message":{"method":"PUT","url":"/contatos/1779322545074"},"service":"user-service"}
{"level":"info","message":{"method":"DELETE","url":"/contatos/1779322545074"},"service":"user-service"}
{"level":"info","message":{"method":"GET","url":"/contatos"},"service":"user-service"}
{"level":"info","message":{"method":"GET","url":"/contatos"},"service":"user-service"}
{"level":"info","message":{"method":"POST","url":"/contatos"},"service":"user-service"}
{"level":"info","message":{"method":"POST","url":"/contatos"},"service":"user-service"}
{"level":"info","message":{"method":"GET","url":"/contatos"},"service":"user-service"}
{"level":"info","message":{"method":"GET","url":"/contatos"},"service":"user-service"}
{"level":"info","message":{"method":"PUT","url":"/contatos/1779404234469"},"service":"user-service"}
{"level":"info","message":{"method":"GET","url":"/contatos"},"service":"user-service"}
{"level":"info","message":{"method":"DELETE","url":"/contatos/1779404234469"},"service":"user-service"}
{"level":"info","message":{"method":"GET","url":"/contatos"},"service":"user-service"}
{"level":"info","message":{"method":"GET","url":"/contatos"},"service":"user-service"}
{"level":"info","message":{"method":"POST","url":"/contatos"},"service":"user-service"}
{"level":"info","message":{"method":"POST","url":"/contatos"},"service":"user-service"}
{"level":"info","message":{"method":"GET","url":"/contatos"},"service":"user-service"}
{"level":"info","message":{"method":"POST","url":"/contatos"},"service":"user-service"}
{"level":"info","message":{"method":"GET","url":"/contatos"},"service":"user-service"}
{"level":"info","message":{"method":"POST","url":"/contatos"},"service":"user-service"}
{"level":"info","message":{"method":"GET","url":"/contatos"},"service":"user-service"}
{"level":"info","message":{"method":"DELETE","url":"/contatos/1779746646598"},"service":"user-service"}
{"level":"info","message":{"method":"GET","url":"/contatos"},"service":"user-service"}
{"level":"info","message":{"method":"POST","url":"/contatos"},"service":"user-service"}
{"level":"info","message":{"method":"GET","url":"/contatos"},"service":"user-service"}
{"level":"info","message":{"method":"GET","url":"/contatos"},"service":"user-service"}
{"level":"info","message":{"method":"PUT","url":"/contatos/1779746719864"},"service":"user-service"}
{"level":"info","message":{"method":"GET","url":"/contatos"},"service":"user-service"}
{"level":"info","message":{"method":"GET","url":"/contatos"},"service":"user-service"}
{"level":"info","message":{"method":"POST","url":"/contatos"},"service":"user-service"}
{"level":"info","message":{"method":"POST","url":"/contatos"},"service":"user-service"}
{"level":"info","message":{"method":"GET","url":"/contatos"},"service":"user-service"}
{"level":"info","message":{"method":"PUT","url":"/contatos/1779747241227"},"service":"user-service"}
{"level":"info","message":{"method":"POST","url":"/contatos"},"service":"user-service"}
{"level":"info","message":{"method":"POST","url":"/contatos"},"service":"user-service"}
{"level":"info","message":{"method":"GET","url":"/contatos"},"service":"user-service"}
{"level":"info","message":{"method":"PUT","url":"/contatos/1779747413908"},"service":"user-service"}
{"level":"info","message":{"method":"GET","url":"/contatos"},"service":"user-service"}
